2014/11/13 16:33:25 [error] [exception.CHttpException.403] exception 'CHttpException' with message 'You are not authorized to perform this action.' in E:\wamp\yii\framework\web\auth\CAccessControlFilter.php:182
Stack trace:
#0 E:\wamp\yii\framework\web\auth\CAccessControlFilter.php(145): CAccessControlFilter->accessDenied(Object(CWebUser), 'You are not aut...')
#1 E:\wamp\yii\framework\web\filters\CFilter.php(38): CAccessControlFilter->preFilter(Object(CFilterChain))
#2 E:\wamp\yii\framework\web\CController.php(1145): CFilter->filter(Object(CFilterChain))
#3 E:\wamp\yii\framework\web\filters\CInlineFilter.php(58): CController->filterAccessControl(Object(CFilterChain))
#4 E:\wamp\yii\framework\web\filters\CFilterChain.php(130): CInlineFilter->filter(Object(CFilterChain))
#5 E:\wamp\yii\framework\web\CController.php(291): CFilterChain->run()
#6 E:\wamp\yii\framework\web\CController.php(265): CController->runActionWithFilters(Object(CInlineAction), Array)
#7 E:\wamp\yii\framework\web\CWebApplication.php(282): CController->run('Create')
#8 E:\wamp\yii\framework\web\CWebApplication.php(141): CWebApplication->runController('User/Create')
#9 E:\wamp\yii\framework\base\CApplication.php(180): CWebApplication->processRequest()
#10 E:\wamp\www\jelajahyii\index.php(13): CApplication->run()
#11 {main}
REQUEST_URI=/jelajahyii/index.php?r=User/Create
---
2014/11/13 16:33:34 [error] [exception.CHttpException.403] exception 'CHttpException' with message 'You are not authorized to perform this action.' in E:\wamp\yii\framework\web\auth\CAccessControlFilter.php:182
Stack trace:
#0 E:\wamp\yii\framework\web\auth\CAccessControlFilter.php(145): CAccessControlFilter->accessDenied(Object(CWebUser), 'You are not aut...')
#1 E:\wamp\yii\framework\web\filters\CFilter.php(38): CAccessControlFilter->preFilter(Object(CFilterChain))
#2 E:\wamp\yii\framework\web\CController.php(1145): CFilter->filter(Object(CFilterChain))
#3 E:\wamp\yii\framework\web\filters\CInlineFilter.php(58): CController->filterAccessControl(Object(CFilterChain))
#4 E:\wamp\yii\framework\web\filters\CFilterChain.php(130): CInlineFilter->filter(Object(CFilterChain))
#5 E:\wamp\yii\framework\web\CController.php(291): CFilterChain->run()
#6 E:\wamp\yii\framework\web\CController.php(265): CController->runActionWithFilters(Object(CInlineAction), Array)
#7 E:\wamp\yii\framework\web\CWebApplication.php(282): CController->run('Create')
#8 E:\wamp\yii\framework\web\CWebApplication.php(141): CWebApplication->runController('User/Create')
#9 E:\wamp\yii\framework\base\CApplication.php(180): CWebApplication->processRequest()
#10 E:\wamp\www\jelajahyii\index.php(13): CApplication->run()
#11 {main}
REQUEST_URI=/jelajahyii/index.php?r=User/Create
---
2014/11/13 16:33:40 [error] [exception.CHttpException.403] exception 'CHttpException' with message 'You are not authorized to perform this action.' in E:\wamp\yii\framework\web\auth\CAccessControlFilter.php:182
Stack trace:
#0 E:\wamp\yii\framework\web\auth\CAccessControlFilter.php(145): CAccessControlFilter->accessDenied(Object(CWebUser), 'You are not aut...')
#1 E:\wamp\yii\framework\web\filters\CFilter.php(38): CAccessControlFilter->preFilter(Object(CFilterChain))
#2 E:\wamp\yii\framework\web\CController.php(1145): CFilter->filter(Object(CFilterChain))
#3 E:\wamp\yii\framework\web\filters\CInlineFilter.php(58): CController->filterAccessControl(Object(CFilterChain))
#4 E:\wamp\yii\framework\web\filters\CFilterChain.php(130): CInlineFilter->filter(Object(CFilterChain))
#5 E:\wamp\yii\framework\web\CController.php(291): CFilterChain->run()
#6 E:\wamp\yii\framework\web\CController.php(265): CController->runActionWithFilters(Object(CInlineAction), Array)
#7 E:\wamp\yii\framework\web\CWebApplication.php(282): CController->run('Create')
#8 E:\wamp\yii\framework\web\CWebApplication.php(141): CWebApplication->runController('User/Create')
#9 E:\wamp\yii\framework\base\CApplication.php(180): CWebApplication->processRequest()
#10 E:\wamp\www\jelajahyii\index.php(13): CApplication->run()
#11 {main}
REQUEST_URI=/jelajahyii/index.php?r=User/Create
---
2014/11/13 16:35:09 [error] [exception.CHttpException.403] exception 'CHttpException' with message 'You are not authorized to perform this action.' in E:\wamp\yii\framework\web\auth\CAccessControlFilter.php:182
Stack trace:
#0 E:\wamp\yii\framework\web\auth\CAccessControlFilter.php(145): CAccessControlFilter->accessDenied(Object(CWebUser), 'You are not aut...')
#1 E:\wamp\yii\framework\web\filters\CFilter.php(38): CAccessControlFilter->preFilter(Object(CFilterChain))
#2 E:\wamp\yii\framework\web\CController.php(1145): CFilter->filter(Object(CFilterChain))
#3 E:\wamp\yii\framework\web\filters\CInlineFilter.php(58): CController->filterAccessControl(Object(CFilterChain))
#4 E:\wamp\yii\framework\web\filters\CFilterChain.php(130): CInlineFilter->filter(Object(CFilterChain))
#5 E:\wamp\yii\framework\web\CController.php(291): CFilterChain->run()
#6 E:\wamp\yii\framework\web\CController.php(265): CController->runActionWithFilters(Object(CInlineAction), Array)
#7 E:\wamp\yii\framework\web\CWebApplication.php(282): CController->run('Create')
#8 E:\wamp\yii\framework\web\CWebApplication.php(141): CWebApplication->runController('User/Create')
#9 E:\wamp\yii\framework\base\CApplication.php(180): CWebApplication->processRequest()
#10 E:\wamp\www\jelajahyii\index.php(13): CApplication->run()
#11 {main}
REQUEST_URI=/jelajahyii/index.php?r=User/Create
---
2014/11/13 16:35:11 [error] [exception.CHttpException.403] exception 'CHttpException' with message 'You are not authorized to perform this action.' in E:\wamp\yii\framework\web\auth\CAccessControlFilter.php:182
Stack trace:
#0 E:\wamp\yii\framework\web\auth\CAccessControlFilter.php(145): CAccessControlFilter->accessDenied(Object(CWebUser), 'You are not aut...')
#1 E:\wamp\yii\framework\web\filters\CFilter.php(38): CAccessControlFilter->preFilter(Object(CFilterChain))
#2 E:\wamp\yii\framework\web\CController.php(1145): CFilter->filter(Object(CFilterChain))
#3 E:\wamp\yii\framework\web\filters\CInlineFilter.php(58): CController->filterAccessControl(Object(CFilterChain))
#4 E:\wamp\yii\framework\web\filters\CFilterChain.php(130): CInlineFilter->filter(Object(CFilterChain))
#5 E:\wamp\yii\framework\web\CController.php(291): CFilterChain->run()
#6 E:\wamp\yii\framework\web\CController.php(265): CController->runActionWithFilters(Object(CInlineAction), Array)
#7 E:\wamp\yii\framework\web\CWebApplication.php(282): CController->run('Create')
#8 E:\wamp\yii\framework\web\CWebApplication.php(141): CWebApplication->runController('User/Create')
#9 E:\wamp\yii\framework\base\CApplication.php(180): CWebApplication->processRequest()
#10 E:\wamp\www\jelajahyii\index.php(13): CApplication->run()
#11 {main}
REQUEST_URI=/jelajahyii/index.php?r=User/Create
---
2014/11/13 16:35:12 [error] [exception.CHttpException.403] exception 'CHttpException' with message 'You are not authorized to perform this action.' in E:\wamp\yii\framework\web\auth\CAccessControlFilter.php:182
Stack trace:
#0 E:\wamp\yii\framework\web\auth\CAccessControlFilter.php(145): CAccessControlFilter->accessDenied(Object(CWebUser), 'You are not aut...')
#1 E:\wamp\yii\framework\web\filters\CFilter.php(38): CAccessControlFilter->preFilter(Object(CFilterChain))
#2 E:\wamp\yii\framework\web\CController.php(1145): CFilter->filter(Object(CFilterChain))
#3 E:\wamp\yii\framework\web\filters\CInlineFilter.php(58): CController->filterAccessControl(Object(CFilterChain))
#4 E:\wamp\yii\framework\web\filters\CFilterChain.php(130): CInlineFilter->filter(Object(CFilterChain))
#5 E:\wamp\yii\framework\web\CController.php(291): CFilterChain->run()
#6 E:\wamp\yii\framework\web\CController.php(265): CController->runActionWithFilters(Object(CInlineAction), Array)
#7 E:\wamp\yii\framework\web\CWebApplication.php(282): CController->run('Create')
#8 E:\wamp\yii\framework\web\CWebApplication.php(141): CWebApplication->runController('User/Create')
#9 E:\wamp\yii\framework\base\CApplication.php(180): CWebApplication->processRequest()
#10 E:\wamp\www\jelajahyii\index.php(13): CApplication->run()
#11 {main}
REQUEST_URI=/jelajahyii/index.php?r=User/Create
---
2014/11/13 16:35:14 [error] [exception.CHttpException.403] exception 'CHttpException' with message 'You are not authorized to perform this action.' in E:\wamp\yii\framework\web\auth\CAccessControlFilter.php:182
Stack trace:
#0 E:\wamp\yii\framework\web\auth\CAccessControlFilter.php(145): CAccessControlFilter->accessDenied(Object(CWebUser), 'You are not aut...')
#1 E:\wamp\yii\framework\web\filters\CFilter.php(38): CAccessControlFilter->preFilter(Object(CFilterChain))
#2 E:\wamp\yii\framework\web\CController.php(1145): CFilter->filter(Object(CFilterChain))
#3 E:\wamp\yii\framework\web\filters\CInlineFilter.php(58): CController->filterAccessControl(Object(CFilterChain))
#4 E:\wamp\yii\framework\web\filters\CFilterChain.php(130): CInlineFilter->filter(Object(CFilterChain))
#5 E:\wamp\yii\framework\web\CController.php(291): CFilterChain->run()
#6 E:\wamp\yii\framework\web\CController.php(265): CController->runActionWithFilters(Object(CInlineAction), Array)
#7 E:\wamp\yii\framework\web\CWebApplication.php(282): CController->run('Create')
#8 E:\wamp\yii\framework\web\CWebApplication.php(141): CWebApplication->runController('User/Create')
#9 E:\wamp\yii\framework\base\CApplication.php(180): CWebApplication->processRequest()
#10 E:\wamp\www\jelajahyii\index.php(13): CApplication->run()
#11 {main}
REQUEST_URI=/jelajahyii/index.php?r=User/Create
---
2014/11/13 16:35:26 [error] [exception.CException] exception 'CException' with message 'CWebUser and its behaviors do not have a method or closure named "getLevel".' in E:\wamp\yii\framework\base\CComponent.php:266
Stack trace:
#0 E:\wamp\yii\framework\base\CComponent.php(612) : eval()'d code(1): CComponent->__call('getLevel', Array)
#1 E:\wamp\yii\framework\base\CComponent.php(612) : eval()'d code(1): CWebUser->getLevel()
#2 E:\wamp\yii\framework\base\CComponent.php(612): eval()
#3 E:\wamp\yii\framework\web\auth\CAccessControlFilter.php(392): CComponent->evaluateExpression('$user->getLevel...', Array)
#4 E:\wamp\yii\framework\web\auth\CAccessControlFilter.php(288): CAccessRule->isExpressionMatched(Object(CWebUser))
#5 E:\wamp\yii\framework\web\auth\CAccessControlFilter.php(138): CAccessRule->isUserAllowed(Object(CWebUser), Object(UserController), Object(CInlineAction), '127.0.0.1', 'GET')
#6 E:\wamp\yii\framework\web\filters\CFilter.php(38): CAccessControlFilter->preFilter(Object(CFilterChain))
#7 E:\wamp\yii\framework\web\CController.php(1145): CFilter->filter(Object(CFilterChain))
#8 E:\wamp\yii\framework\web\filters\CInlineFilter.php(58): CController->filterAccessControl(Object(CFilterChain))
#9 E:\wamp\yii\framework\web\filters\CFilterChain.php(130): CInlineFilter->filter(Object(CFilterChain))
#10 E:\wamp\yii\framework\web\CController.php(291): CFilterChain->run()
#11 E:\wamp\yii\framework\web\CController.php(265): CController->runActionWithFilters(Object(CInlineAction), Array)
#12 E:\wamp\yii\framework\web\CWebApplication.php(282): CController->run('')
#13 E:\wamp\yii\framework\web\CWebApplication.php(141): CWebApplication->runController('user')
#14 E:\wamp\yii\framework\base\CApplication.php(180): CWebApplication->processRequest()
#15 E:\wamp\www\jelajahyii\index.php(13): CApplication->run()
#16 {main}
REQUEST_URI=/jelajahyii/index.php?r=user
---
2014/11/13 16:35:37 [error] [exception.CException] exception 'CException' with message 'CWebUser and its behaviors do not have a method or closure named "getLevel".' in E:\wamp\yii\framework\base\CComponent.php:266
Stack trace:
#0 E:\wamp\yii\framework\base\CComponent.php(612) : eval()'d code(1): CComponent->__call('getLevel', Array)
#1 E:\wamp\yii\framework\base\CComponent.php(612) : eval()'d code(1): CWebUser->getLevel()
#2 E:\wamp\yii\framework\base\CComponent.php(612): eval()
#3 E:\wamp\yii\framework\web\auth\CAccessControlFilter.php(392): CComponent->evaluateExpression('$user->getLevel...', Array)
#4 E:\wamp\yii\framework\web\auth\CAccessControlFilter.php(288): CAccessRule->isExpressionMatched(Object(CWebUser))
#5 E:\wamp\yii\framework\web\auth\CAccessControlFilter.php(138): CAccessRule->isUserAllowed(Object(CWebUser), Object(UserController), Object(CInlineAction), '127.0.0.1', 'GET')
#6 E:\wamp\yii\framework\web\filters\CFilter.php(38): CAccessControlFilter->preFilter(Object(CFilterChain))
#7 E:\wamp\yii\framework\web\CController.php(1145): CFilter->filter(Object(CFilterChain))
#8 E:\wamp\yii\framework\web\filters\CInlineFilter.php(58): CController->filterAccessControl(Object(CFilterChain))
#9 E:\wamp\yii\framework\web\filters\CFilterChain.php(130): CInlineFilter->filter(Object(CFilterChain))
#10 E:\wamp\yii\framework\web\CController.php(291): CFilterChain->run()
#11 E:\wamp\yii\framework\web\CController.php(265): CController->runActionWithFilters(Object(CInlineAction), Array)
#12 E:\wamp\yii\framework\web\CWebApplication.php(282): CController->run('')
#13 E:\wamp\yii\framework\web\CWebApplication.php(141): CWebApplication->runController('User')
#14 E:\wamp\yii\framework\base\CApplication.php(180): CWebApplication->processRequest()
#15 E:\wamp\www\jelajahyii\index.php(13): CApplication->run()
#16 {main}
REQUEST_URI=/jelajahyii/index.php?r=User
---
2014/11/13 17:05:12 [error] [exception.CException] exception 'CException' with message 'CWebUser and its behaviors do not have a method or closure named "getLevel".' in E:\wamp\yii\framework\base\CComponent.php:266
Stack trace:
#0 E:\wamp\yii\framework\base\CComponent.php(612) : eval()'d code(1): CComponent->__call('getLevel', Array)
#1 E:\wamp\yii\framework\base\CComponent.php(612) : eval()'d code(1): CWebUser->getLevel()
#2 E:\wamp\yii\framework\base\CComponent.php(612): eval()
#3 E:\wamp\yii\framework\web\auth\CAccessControlFilter.php(392): CComponent->evaluateExpression('$user->getLevel...', Array)
#4 E:\wamp\yii\framework\web\auth\CAccessControlFilter.php(288): CAccessRule->isExpressionMatched(Object(CWebUser))
#5 E:\wamp\yii\framework\web\auth\CAccessControlFilter.php(138): CAccessRule->isUserAllowed(Object(CWebUser), Object(UserController), Object(CInlineAction), '127.0.0.1', 'GET')
#6 E:\wamp\yii\framework\web\filters\CFilter.php(38): CAccessControlFilter->preFilter(Object(CFilterChain))
#7 E:\wamp\yii\framework\web\CController.php(1145): CFilter->filter(Object(CFilterChain))
#8 E:\wamp\yii\framework\web\filters\CInlineFilter.php(58): CController->filterAccessControl(Object(CFilterChain))
#9 E:\wamp\yii\framework\web\filters\CFilterChain.php(130): CInlineFilter->filter(Object(CFilterChain))
#10 E:\wamp\yii\framework\web\CController.php(291): CFilterChain->run()
#11 E:\wamp\yii\framework\web\CController.php(265): CController->runActionWithFilters(Object(CInlineAction), Array)
#12 E:\wamp\yii\framework\web\CWebApplication.php(282): CController->run('')
#13 E:\wamp\yii\framework\web\CWebApplication.php(141): CWebApplication->runController('user')
#14 E:\wamp\yii\framework\base\CApplication.php(180): CWebApplication->processRequest()
#15 E:\wamp\www\jelajahyii\index.php(13): CApplication->run()
#16 {main}
REQUEST_URI=/jelajahyii/index.php?r=user
---
2014/11/13 17:05:34 [error] [exception.CHttpException.403] exception 'CHttpException' with message 'You are not authorized to perform this action.' in E:\wamp\yii\framework\web\auth\CAccessControlFilter.php:182
Stack trace:
#0 E:\wamp\yii\framework\web\auth\CAccessControlFilter.php(145): CAccessControlFilter->accessDenied(Object(CWebUser), 'You are not aut...')
#1 E:\wamp\yii\framework\web\filters\CFilter.php(38): CAccessControlFilter->preFilter(Object(CFilterChain))
#2 E:\wamp\yii\framework\web\CController.php(1145): CFilter->filter(Object(CFilterChain))
#3 E:\wamp\yii\framework\web\filters\CInlineFilter.php(58): CController->filterAccessControl(Object(CFilterChain))
#4 E:\wamp\yii\framework\web\filters\CFilterChain.php(130): CInlineFilter->filter(Object(CFilterChain))
#5 E:\wamp\yii\framework\web\CController.php(291): CFilterChain->run()
#6 E:\wamp\yii\framework\web\CController.php(265): CController->runActionWithFilters(Object(CInlineAction), Array)
#7 E:\wamp\yii\framework\web\CWebApplication.php(282): CController->run('create')
#8 E:\wamp\yii\framework\web\CWebApplication.php(141): CWebApplication->runController('user/create')
#9 E:\wamp\yii\framework\base\CApplication.php(180): CWebApplication->processRequest()
#10 E:\wamp\www\jelajahyii\index.php(13): CApplication->run()
#11 {main}
REQUEST_URI=/jelajahyii/index.php?r=user/create
HTTP_REFERER=http://localhost/jelajahyii/index.php?r=site/login
---
2014/11/13 17:07:52 [error] [exception.CException] exception 'CException' with message 'CWebUser and its behaviors do not have a method or closure named "getLevel".' in E:\wamp\yii\framework\base\CComponent.php:266
Stack trace:
#0 E:\wamp\yii\framework\base\CComponent.php(612) : eval()'d code(1): CComponent->__call('getLevel', Array)
#1 E:\wamp\yii\framework\base\CComponent.php(612) : eval()'d code(1): CWebUser->getLevel()
#2 E:\wamp\yii\framework\base\CComponent.php(612): eval()
#3 E:\wamp\yii\framework\web\auth\CAccessControlFilter.php(392): CComponent->evaluateExpression('$user->getLevel...', Array)
#4 E:\wamp\yii\framework\web\auth\CAccessControlFilter.php(288): CAccessRule->isExpressionMatched(Object(CWebUser))
#5 E:\wamp\yii\framework\web\auth\CAccessControlFilter.php(138): CAccessRule->isUserAllowed(Object(CWebUser), Object(UserController), Object(CInlineAction), '127.0.0.1', 'GET')
#6 E:\wamp\yii\framework\web\filters\CFilter.php(38): CAccessControlFilter->preFilter(Object(CFilterChain))
#7 E:\wamp\yii\framework\web\CController.php(1145): CFilter->filter(Object(CFilterChain))
#8 E:\wamp\yii\framework\web\filters\CInlineFilter.php(58): CController->filterAccessControl(Object(CFilterChain))
#9 E:\wamp\yii\framework\web\filters\CFilterChain.php(130): CInlineFilter->filter(Object(CFilterChain))
#10 E:\wamp\yii\framework\web\CController.php(291): CFilterChain->run()
#11 E:\wamp\yii\framework\web\CController.php(265): CController->runActionWithFilters(Object(CInlineAction), Array)
#12 E:\wamp\yii\framework\web\CWebApplication.php(282): CController->run('')
#13 E:\wamp\yii\framework\web\CWebApplication.php(141): CWebApplication->runController('user')
#14 E:\wamp\yii\framework\base\CApplication.php(180): CWebApplication->processRequest()
#15 E:\wamp\www\jelajahyii\index.php(13): CApplication->run()
#16 {main}
REQUEST_URI=/jelajahyii/index.php?r=user
---
2014/11/13 17:16:09 [error] [exception.CException] exception 'CException' with message 'CWebUser and its behaviors do not have a method or closure named "getLevel".' in E:\wamp\yii\framework\base\CComponent.php:266
Stack trace:
#0 E:\wamp\yii\framework\base\CComponent.php(612) : eval()'d code(1): CComponent->__call('getLevel', Array)
#1 E:\wamp\yii\framework\base\CComponent.php(612) : eval()'d code(1): CWebUser->getLevel()
#2 E:\wamp\yii\framework\base\CComponent.php(612): eval()
#3 E:\wamp\yii\framework\web\auth\CAccessControlFilter.php(392): CComponent->evaluateExpression('$user->getLevel...', Array)
#4 E:\wamp\yii\framework\web\auth\CAccessControlFilter.php(288): CAccessRule->isExpressionMatched(Object(CWebUser))
#5 E:\wamp\yii\framework\web\auth\CAccessControlFilter.php(138): CAccessRule->isUserAllowed(Object(CWebUser), Object(UserController), Object(CInlineAction), '127.0.0.1', 'GET')
#6 E:\wamp\yii\framework\web\filters\CFilter.php(38): CAccessControlFilter->preFilter(Object(CFilterChain))
#7 E:\wamp\yii\framework\web\CController.php(1145): CFilter->filter(Object(CFilterChain))
#8 E:\wamp\yii\framework\web\filters\CInlineFilter.php(58): CController->filterAccessControl(Object(CFilterChain))
#9 E:\wamp\yii\framework\web\filters\CFilterChain.php(130): CInlineFilter->filter(Object(CFilterChain))
#10 E:\wamp\yii\framework\web\CController.php(291): CFilterChain->run()
#11 E:\wamp\yii\framework\web\CController.php(265): CController->runActionWithFilters(Object(CInlineAction), Array)
#12 E:\wamp\yii\framework\web\CWebApplication.php(282): CController->run('')
#13 E:\wamp\yii\framework\web\CWebApplication.php(141): CWebApplication->runController('user')
#14 E:\wamp\yii\framework\base\CApplication.php(180): CWebApplication->processRequest()
#15 E:\wamp\www\jelajahyii\index.php(13): CApplication->run()
#16 {main}
REQUEST_URI=/jelajahyii/index.php?r=user
---
2014/11/13 17:16:10 [error] [exception.CException] exception 'CException' with message 'CWebUser and its behaviors do not have a method or closure named "getLevel".' in E:\wamp\yii\framework\base\CComponent.php:266
Stack trace:
#0 E:\wamp\yii\framework\base\CComponent.php(612) : eval()'d code(1): CComponent->__call('getLevel', Array)
#1 E:\wamp\yii\framework\base\CComponent.php(612) : eval()'d code(1): CWebUser->getLevel()
#2 E:\wamp\yii\framework\base\CComponent.php(612): eval()
#3 E:\wamp\yii\framework\web\auth\CAccessControlFilter.php(392): CComponent->evaluateExpression('$user->getLevel...', Array)
#4 E:\wamp\yii\framework\web\auth\CAccessControlFilter.php(288): CAccessRule->isExpressionMatched(Object(CWebUser))
#5 E:\wamp\yii\framework\web\auth\CAccessControlFilter.php(138): CAccessRule->isUserAllowed(Object(CWebUser), Object(UserController), Object(CInlineAction), '127.0.0.1', 'GET')
#6 E:\wamp\yii\framework\web\filters\CFilter.php(38): CAccessControlFilter->preFilter(Object(CFilterChain))
#7 E:\wamp\yii\framework\web\CController.php(1145): CFilter->filter(Object(CFilterChain))
#8 E:\wamp\yii\framework\web\filters\CInlineFilter.php(58): CController->filterAccessControl(Object(CFilterChain))
#9 E:\wamp\yii\framework\web\filters\CFilterChain.php(130): CInlineFilter->filter(Object(CFilterChain))
#10 E:\wamp\yii\framework\web\CController.php(291): CFilterChain->run()
#11 E:\wamp\yii\framework\web\CController.php(265): CController->runActionWithFilters(Object(CInlineAction), Array)
#12 E:\wamp\yii\framework\web\CWebApplication.php(282): CController->run('')
#13 E:\wamp\yii\framework\web\CWebApplication.php(141): CWebApplication->runController('user')
#14 E:\wamp\yii\framework\base\CApplication.php(180): CWebApplication->processRequest()
#15 E:\wamp\www\jelajahyii\index.php(13): CApplication->run()
#16 {main}
REQUEST_URI=/jelajahyii/index.php?r=user
---
2014/11/13 17:16:11 [error] [exception.CException] exception 'CException' with message 'CWebUser and its behaviors do not have a method or closure named "getLevel".' in E:\wamp\yii\framework\base\CComponent.php:266
Stack trace:
#0 E:\wamp\yii\framework\base\CComponent.php(612) : eval()'d code(1): CComponent->__call('getLevel', Array)
#1 E:\wamp\yii\framework\base\CComponent.php(612) : eval()'d code(1): CWebUser->getLevel()
#2 E:\wamp\yii\framework\base\CComponent.php(612): eval()
#3 E:\wamp\yii\framework\web\auth\CAccessControlFilter.php(392): CComponent->evaluateExpression('$user->getLevel...', Array)
#4 E:\wamp\yii\framework\web\auth\CAccessControlFilter.php(288): CAccessRule->isExpressionMatched(Object(CWebUser))
#5 E:\wamp\yii\framework\web\auth\CAccessControlFilter.php(138): CAccessRule->isUserAllowed(Object(CWebUser), Object(UserController), Object(CInlineAction), '127.0.0.1', 'GET')
#6 E:\wamp\yii\framework\web\filters\CFilter.php(38): CAccessControlFilter->preFilter(Object(CFilterChain))
#7 E:\wamp\yii\framework\web\CController.php(1145): CFilter->filter(Object(CFilterChain))
#8 E:\wamp\yii\framework\web\filters\CInlineFilter.php(58): CController->filterAccessControl(Object(CFilterChain))
#9 E:\wamp\yii\framework\web\filters\CFilterChain.php(130): CInlineFilter->filter(Object(CFilterChain))
#10 E:\wamp\yii\framework\web\CController.php(291): CFilterChain->run()
#11 E:\wamp\yii\framework\web\CController.php(265): CController->runActionWithFilters(Object(CInlineAction), Array)
#12 E:\wamp\yii\framework\web\CWebApplication.php(282): CController->run('')
#13 E:\wamp\yii\framework\web\CWebApplication.php(141): CWebApplication->runController('user')
#14 E:\wamp\yii\framework\base\CApplication.php(180): CWebApplication->processRequest()
#15 E:\wamp\www\jelajahyii\index.php(13): CApplication->run()
#16 {main}
REQUEST_URI=/jelajahyii/index.php?r=user
---
2014/11/13 17:16:12 [error] [exception.CException] exception 'CException' with message 'CWebUser and its behaviors do not have a method or closure named "getLevel".' in E:\wamp\yii\framework\base\CComponent.php:266
Stack trace:
#0 E:\wamp\yii\framework\base\CComponent.php(612) : eval()'d code(1): CComponent->__call('getLevel', Array)
#1 E:\wamp\yii\framework\base\CComponent.php(612) : eval()'d code(1): CWebUser->getLevel()
#2 E:\wamp\yii\framework\base\CComponent.php(612): eval()
#3 E:\wamp\yii\framework\web\auth\CAccessControlFilter.php(392): CComponent->evaluateExpression('$user->getLevel...', Array)
#4 E:\wamp\yii\framework\web\auth\CAccessControlFilter.php(288): CAccessRule->isExpressionMatched(Object(CWebUser))
#5 E:\wamp\yii\framework\web\auth\CAccessControlFilter.php(138): CAccessRule->isUserAllowed(Object(CWebUser), Object(UserController), Object(CInlineAction), '127.0.0.1', 'GET')
#6 E:\wamp\yii\framework\web\filters\CFilter.php(38): CAccessControlFilter->preFilter(Object(CFilterChain))
#7 E:\wamp\yii\framework\web\CController.php(1145): CFilter->filter(Object(CFilterChain))
#8 E:\wamp\yii\framework\web\filters\CInlineFilter.php(58): CController->filterAccessControl(Object(CFilterChain))
#9 E:\wamp\yii\framework\web\filters\CFilterChain.php(130): CInlineFilter->filter(Object(CFilterChain))
#10 E:\wamp\yii\framework\web\CController.php(291): CFilterChain->run()
#11 E:\wamp\yii\framework\web\CController.php(265): CController->runActionWithFilters(Object(CInlineAction), Array)
#12 E:\wamp\yii\framework\web\CWebApplication.php(282): CController->run('')
#13 E:\wamp\yii\framework\web\CWebApplication.php(141): CWebApplication->runController('user')
#14 E:\wamp\yii\framework\base\CApplication.php(180): CWebApplication->processRequest()
#15 E:\wamp\www\jelajahyii\index.php(13): CApplication->run()
#16 {main}
REQUEST_URI=/jelajahyii/index.php?r=user
---
2014/11/13 17:16:13 [error] [exception.CException] exception 'CException' with message 'CWebUser and its behaviors do not have a method or closure named "getLevel".' in E:\wamp\yii\framework\base\CComponent.php:266
Stack trace:
#0 E:\wamp\yii\framework\base\CComponent.php(612) : eval()'d code(1): CComponent->__call('getLevel', Array)
#1 E:\wamp\yii\framework\base\CComponent.php(612) : eval()'d code(1): CWebUser->getLevel()
#2 E:\wamp\yii\framework\base\CComponent.php(612): eval()
#3 E:\wamp\yii\framework\web\auth\CAccessControlFilter.php(392): CComponent->evaluateExpression('$user->getLevel...', Array)
#4 E:\wamp\yii\framework\web\auth\CAccessControlFilter.php(288): CAccessRule->isExpressionMatched(Object(CWebUser))
#5 E:\wamp\yii\framework\web\auth\CAccessControlFilter.php(138): CAccessRule->isUserAllowed(Object(CWebUser), Object(UserController), Object(CInlineAction), '127.0.0.1', 'GET')
#6 E:\wamp\yii\framework\web\filters\CFilter.php(38): CAccessControlFilter->preFilter(Object(CFilterChain))
#7 E:\wamp\yii\framework\web\CController.php(1145): CFilter->filter(Object(CFilterChain))
#8 E:\wamp\yii\framework\web\filters\CInlineFilter.php(58): CController->filterAccessControl(Object(CFilterChain))
#9 E:\wamp\yii\framework\web\filters\CFilterChain.php(130): CInlineFilter->filter(Object(CFilterChain))
#10 E:\wamp\yii\framework\web\CController.php(291): CFilterChain->run()
#11 E:\wamp\yii\framework\web\CController.php(265): CController->runActionWithFilters(Object(CInlineAction), Array)
#12 E:\wamp\yii\framework\web\CWebApplication.php(282): CController->run('')
#13 E:\wamp\yii\framework\web\CWebApplication.php(141): CWebApplication->runController('user')
#14 E:\wamp\yii\framework\base\CApplication.php(180): CWebApplication->processRequest()
#15 E:\wamp\www\jelajahyii\index.php(13): CApplication->run()
#16 {main}
REQUEST_URI=/jelajahyii/index.php?r=user
---
2014/11/13 17:39:16 [error] [exception.CException] exception 'CException' with message 'CWebUser and its behaviors do not have a method or closure named "getLevel".' in E:\wamp\yii\framework\base\CComponent.php:266
Stack trace:
#0 E:\wamp\yii\framework\base\CComponent.php(612) : eval()'d code(1): CComponent->__call('getLevel', Array)
#1 E:\wamp\yii\framework\base\CComponent.php(612) : eval()'d code(1): CWebUser->getLevel()
#2 E:\wamp\yii\framework\base\CComponent.php(612): eval()
#3 E:\wamp\yii\framework\web\auth\CAccessControlFilter.php(392): CComponent->evaluateExpression('$user->getLevel...', Array)
#4 E:\wamp\yii\framework\web\auth\CAccessControlFilter.php(288): CAccessRule->isExpressionMatched(Object(CWebUser))
#5 E:\wamp\yii\framework\web\auth\CAccessControlFilter.php(138): CAccessRule->isUserAllowed(Object(CWebUser), Object(UserController), Object(CInlineAction), '127.0.0.1', 'GET')
#6 E:\wamp\yii\framework\web\filters\CFilter.php(38): CAccessControlFilter->preFilter(Object(CFilterChain))
#7 E:\wamp\yii\framework\web\CController.php(1145): CFilter->filter(Object(CFilterChain))
#8 E:\wamp\yii\framework\web\filters\CInlineFilter.php(58): CController->filterAccessControl(Object(CFilterChain))
#9 E:\wamp\yii\framework\web\filters\CFilterChain.php(130): CInlineFilter->filter(Object(CFilterChain))
#10 E:\wamp\yii\framework\web\CController.php(291): CFilterChain->run()
#11 E:\wamp\yii\framework\web\CController.php(265): CController->runActionWithFilters(Object(CInlineAction), Array)
#12 E:\wamp\yii\framework\web\CWebApplication.php(282): CController->run('')
#13 E:\wamp\yii\framework\web\CWebApplication.php(141): CWebApplication->runController('user')
#14 E:\wamp\yii\framework\base\CApplication.php(180): CWebApplication->processRequest()
#15 E:\wamp\www\jelajahyii\index.php(13): CApplication->run()
#16 {main}
REQUEST_URI=/jelajahyii/index.php?r=user
---
2014/11/13 17:39:19 [error] [exception.CException] exception 'CException' with message 'CWebUser and its behaviors do not have a method or closure named "getLevel".' in E:\wamp\yii\framework\base\CComponent.php:266
Stack trace:
#0 E:\wamp\yii\framework\base\CComponent.php(612) : eval()'d code(1): CComponent->__call('getLevel', Array)
#1 E:\wamp\yii\framework\base\CComponent.php(612) : eval()'d code(1): CWebUser->getLevel()
#2 E:\wamp\yii\framework\base\CComponent.php(612): eval()
#3 E:\wamp\yii\framework\web\auth\CAccessControlFilter.php(392): CComponent->evaluateExpression('$user->getLevel...', Array)
#4 E:\wamp\yii\framework\web\auth\CAccessControlFilter.php(288): CAccessRule->isExpressionMatched(Object(CWebUser))
#5 E:\wamp\yii\framework\web\auth\CAccessControlFilter.php(138): CAccessRule->isUserAllowed(Object(CWebUser), Object(UserController), Object(CInlineAction), '127.0.0.1', 'GET')
#6 E:\wamp\yii\framework\web\filters\CFilter.php(38): CAccessControlFilter->preFilter(Object(CFilterChain))
#7 E:\wamp\yii\framework\web\CController.php(1145): CFilter->filter(Object(CFilterChain))
#8 E:\wamp\yii\framework\web\filters\CInlineFilter.php(58): CController->filterAccessControl(Object(CFilterChain))
#9 E:\wamp\yii\framework\web\filters\CFilterChain.php(130): CInlineFilter->filter(Object(CFilterChain))
#10 E:\wamp\yii\framework\web\CController.php(291): CFilterChain->run()
#11 E:\wamp\yii\framework\web\CController.php(265): CController->runActionWithFilters(Object(CInlineAction), Array)
#12 E:\wamp\yii\framework\web\CWebApplication.php(282): CController->run('')
#13 E:\wamp\yii\framework\web\CWebApplication.php(141): CWebApplication->runController('user')
#14 E:\wamp\yii\framework\base\CApplication.php(180): CWebApplication->processRequest()
#15 E:\wamp\www\jelajahyii\index.php(13): CApplication->run()
#16 {main}
REQUEST_URI=/jelajahyii/index.php?r=user
---
2014/11/13 17:39:23 [error] [exception.CException] exception 'CException' with message 'CWebUser and its behaviors do not have a method or closure named "getLevel".' in E:\wamp\yii\framework\base\CComponent.php:266
Stack trace:
#0 E:\wamp\yii\framework\base\CComponent.php(612) : eval()'d code(1): CComponent->__call('getLevel', Array)
#1 E:\wamp\yii\framework\base\CComponent.php(612) : eval()'d code(1): CWebUser->getLevel()
#2 E:\wamp\yii\framework\base\CComponent.php(612): eval()
#3 E:\wamp\yii\framework\web\auth\CAccessControlFilter.php(392): CComponent->evaluateExpression('$user->getLevel...', Array)
#4 E:\wamp\yii\framework\web\auth\CAccessControlFilter.php(288): CAccessRule->isExpressionMatched(Object(CWebUser))
#5 E:\wamp\yii\framework\web\auth\CAccessControlFilter.php(138): CAccessRule->isUserAllowed(Object(CWebUser), Object(UserController), Object(CInlineAction), '127.0.0.1', 'GET')
#6 E:\wamp\yii\framework\web\filters\CFilter.php(38): CAccessControlFilter->preFilter(Object(CFilterChain))
#7 E:\wamp\yii\framework\web\CController.php(1145): CFilter->filter(Object(CFilterChain))
#8 E:\wamp\yii\framework\web\filters\CInlineFilter.php(58): CController->filterAccessControl(Object(CFilterChain))
#9 E:\wamp\yii\framework\web\filters\CFilterChain.php(130): CInlineFilter->filter(Object(CFilterChain))
#10 E:\wamp\yii\framework\web\CController.php(291): CFilterChain->run()
#11 E:\wamp\yii\framework\web\CController.php(265): CController->runActionWithFilters(Object(CInlineAction), Array)
#12 E:\wamp\yii\framework\web\CWebApplication.php(282): CController->run('')
#13 E:\wamp\yii\framework\web\CWebApplication.php(141): CWebApplication->runController('User')
#14 E:\wamp\yii\framework\base\CApplication.php(180): CWebApplication->processRequest()
#15 E:\wamp\www\jelajahyii\index.php(13): CApplication->run()
#16 {main}
REQUEST_URI=/jelajahyii/index.php?r=User
---
2014/11/13 17:40:20 [error] [exception.CException] exception 'CException' with message 'CWebUser and its behaviors do not have a method or closure named "getLevel".' in E:\wamp\yii\framework\base\CComponent.php:266
Stack trace:
#0 E:\wamp\yii\framework\base\CComponent.php(612) : eval()'d code(1): CComponent->__call('getLevel', Array)
#1 E:\wamp\yii\framework\base\CComponent.php(612) : eval()'d code(1): CWebUser->getLevel()
#2 E:\wamp\yii\framework\base\CComponent.php(612): eval()
#3 E:\wamp\yii\framework\web\auth\CAccessControlFilter.php(392): CComponent->evaluateExpression('$user->getLevel...', Array)
#4 E:\wamp\yii\framework\web\auth\CAccessControlFilter.php(288): CAccessRule->isExpressionMatched(Object(CWebUser))
#5 E:\wamp\yii\framework\web\auth\CAccessControlFilter.php(138): CAccessRule->isUserAllowed(Object(CWebUser), Object(UserController), Object(CInlineAction), '127.0.0.1', 'GET')
#6 E:\wamp\yii\framework\web\filters\CFilter.php(38): CAccessControlFilter->preFilter(Object(CFilterChain))
#7 E:\wamp\yii\framework\web\CController.php(1145): CFilter->filter(Object(CFilterChain))
#8 E:\wamp\yii\framework\web\filters\CInlineFilter.php(58): CController->filterAccessControl(Object(CFilterChain))
#9 E:\wamp\yii\framework\web\filters\CFilterChain.php(130): CInlineFilter->filter(Object(CFilterChain))
#10 E:\wamp\yii\framework\web\CController.php(291): CFilterChain->run()
#11 E:\wamp\yii\framework\web\CController.php(265): CController->runActionWithFilters(Object(CInlineAction), Array)
#12 E:\wamp\yii\framework\web\CWebApplication.php(282): CController->run('')
#13 E:\wamp\yii\framework\web\CWebApplication.php(141): CWebApplication->runController('User')
#14 E:\wamp\yii\framework\base\CApplication.php(180): CWebApplication->processRequest()
#15 E:\wamp\www\jelajahyii\index.php(13): CApplication->run()
#16 {main}
REQUEST_URI=/jelajahyii/index.php?r=User
---
2014/11/13 17:47:36 [error] [exception.CException] exception 'CException' with message 'CWebUser and its behaviors do not have a method or closure named "getLevel".' in E:\wamp\yii\framework\base\CComponent.php:266
Stack trace:
#0 E:\wamp\yii\framework\base\CComponent.php(612) : eval()'d code(1): CComponent->__call('getLevel', Array)
#1 E:\wamp\yii\framework\base\CComponent.php(612) : eval()'d code(1): CWebUser->getLevel()
#2 E:\wamp\yii\framework\base\CComponent.php(612): eval()
#3 E:\wamp\yii\framework\web\auth\CAccessControlFilter.php(392): CComponent->evaluateExpression('$user->getLevel...', Array)
#4 E:\wamp\yii\framework\web\auth\CAccessControlFilter.php(288): CAccessRule->isExpressionMatched(Object(CWebUser))
#5 E:\wamp\yii\framework\web\auth\CAccessControlFilter.php(138): CAccessRule->isUserAllowed(Object(CWebUser), Object(UserController), Object(CInlineAction), '127.0.0.1', 'GET')
#6 E:\wamp\yii\framework\web\filters\CFilter.php(38): CAccessControlFilter->preFilter(Object(CFilterChain))
#7 E:\wamp\yii\framework\web\CController.php(1145): CFilter->filter(Object(CFilterChain))
#8 E:\wamp\yii\framework\web\filters\CInlineFilter.php(58): CController->filterAccessControl(Object(CFilterChain))
#9 E:\wamp\yii\framework\web\filters\CFilterChain.php(130): CInlineFilter->filter(Object(CFilterChain))
#10 E:\wamp\yii\framework\web\CController.php(291): CFilterChain->run()
#11 E:\wamp\yii\framework\web\CController.php(265): CController->runActionWithFilters(Object(CInlineAction), Array)
#12 E:\wamp\yii\framework\web\CWebApplication.php(282): CController->run('')
#13 E:\wamp\yii\framework\web\CWebApplication.php(141): CWebApplication->runController('User')
#14 E:\wamp\yii\framework\base\CApplication.php(180): CWebApplication->processRequest()
#15 E:\wamp\www\jelajahyii\index.php(13): CApplication->run()
#16 {main}
REQUEST_URI=/jelajahyii/index.php?r=User
---
2014/11/13 17:49:39 [warning] [application] Failed to set unsafe attribute "avatar" of "User".
in E:\wamp\www\jelajahyii\protected\controllers\UserController.php (151)
in E:\wamp\www\jelajahyii\index.php (13)
2014/11/13 17:49:39 [error] [exception.CException] exception 'CException' with message 'Property "User.isActive" is not defined.' in E:\wamp\yii\framework\base\CComponent.php:173
Stack trace:
#0 E:\wamp\yii\framework\db\ar\CActiveRecord.php(161): CComponent->__set('isActive', 0)
#1 E:\wamp\www\jelajahyii\protected\controllers\UserController.php(156): CActiveRecord->__set('isActive', 0)
#2 E:\wamp\yii\framework\web\actions\CInlineAction.php(49): UserController->actionCreate()
#3 E:\wamp\yii\framework\web\CController.php(308): CInlineAction->runWithParams(Array)
#4 E:\wamp\yii\framework\web\filters\CFilterChain.php(133): CController->runAction(Object(CInlineAction))
#5 E:\wamp\yii\framework\web\filters\CFilter.php(40): CFilterChain->run()
#6 E:\wamp\yii\framework\web\CController.php(1145): CFilter->filter(Object(CFilterChain))
#7 E:\wamp\yii\framework\web\filters\CInlineFilter.php(58): CController->filterAccessControl(Object(CFilterChain))
#8 E:\wamp\yii\framework\web\filters\CFilterChain.php(130): CInlineFilter->filter(Object(CFilterChain))
#9 E:\wamp\yii\framework\web\CController.php(291): CFilterChain->run()
#10 E:\wamp\yii\framework\web\CController.php(265): CController->runActionWithFilters(Object(CInlineAction), Array)
#11 E:\wamp\yii\framework\web\CWebApplication.php(282): CController->run('create')
#12 E:\wamp\yii\framework\web\CWebApplication.php(141): CWebApplication->runController('User/create')
#13 E:\wamp\yii\framework\base\CApplication.php(180): CWebApplication->processRequest()
#14 E:\wamp\www\jelajahyii\index.php(13): CApplication->run()
#15 {main}
REQUEST_URI=/jelajahyii/index.php?r=User/create
HTTP_REFERER=http://localhost/jelajahyii/index.php?r=User/create
---
2014/11/13 17:51:26 [warning] [application] Failed to set unsafe attribute "avatar" of "User".
in E:\wamp\www\jelajahyii\protected\controllers\UserController.php (151)
in E:\wamp\www\jelajahyii\index.php (13)
2014/11/13 17:51:27 [error] [system.db.CDbCommand] CDbCommand::execute() failed: SQLSTATE[23000]: Integrity constraint violation: 1452 Cannot add or update a child row: a foreign key constraint fails (`local`.`user`, CONSTRAINT `user_ibfk_1` FOREIGN KEY (`level_id`) REFERENCES `level` (`id`) ON UPDATE CASCADE). The SQL statement executed was: INSERT INTO `user` (`username`, `password`, `email`, `saltPassword`, `level_id`, `avatar`) VALUES (:yp0, :yp1, :yp2, :yp3, :yp4, :yp5).
in E:\wamp\www\jelajahyii\protected\controllers\UserController.php (163)
in E:\wamp\www\jelajahyii\index.php (13)
2014/11/13 17:51:27 [error] [exception.CDbException] exception 'CDbException' with message 'CDbCommand failed to execute the SQL statement: SQLSTATE[23000]: Integrity constraint violation: 1452 Cannot add or update a child row: a foreign key constraint fails (`local`.`user`, CONSTRAINT `user_ibfk_1` FOREIGN KEY (`level_id`) REFERENCES `level` (`id`) ON UPDATE CASCADE). The SQL statement executed was: INSERT INTO `user` (`username`, `password`, `email`, `saltPassword`, `level_id`, `avatar`) VALUES (:yp0, :yp1, :yp2, :yp3, :yp4, :yp5)' in E:\wamp\yii\framework\db\CDbCommand.php:358
Stack trace:
#0 E:\wamp\yii\framework\db\ar\CActiveRecord.php(1077): CDbCommand->execute()
#1 E:\wamp\yii\framework\db\ar\CActiveRecord.php(806): CActiveRecord->insert(NULL)
#2 E:\wamp\www\jelajahyii\protected\controllers\UserController.php(163): CActiveRecord->save()
#3 E:\wamp\yii\framework\web\actions\CInlineAction.php(49): UserController->actionCreate()
#4 E:\wamp\yii\framework\web\CController.php(308): CInlineAction->runWithParams(Array)
#5 E:\wamp\yii\framework\web\filters\CFilterChain.php(133): CController->runAction(Object(CInlineAction))
#6 E:\wamp\yii\framework\web\filters\CFilter.php(40): CFilterChain->run()
#7 E:\wamp\yii\framework\web\CController.php(1145): CFilter->filter(Object(CFilterChain))
#8 E:\wamp\yii\framework\web\filters\CInlineFilter.php(58): CController->filterAccessControl(Object(CFilterChain))
#9 E:\wamp\yii\framework\web\filters\CFilterChain.php(130): CInlineFilter->filter(Object(CFilterChain))
#10 E:\wamp\yii\framework\web\CController.php(291): CFilterChain->run()
#11 E:\wamp\yii\framework\web\CController.php(265): CController->runActionWithFilters(Object(CInlineAction), Array)
#12 E:\wamp\yii\framework\web\CWebApplication.php(282): CController->run('create')
#13 E:\wamp\yii\framework\web\CWebApplication.php(141): CWebApplication->runController('User/create')
#14 E:\wamp\yii\framework\base\CApplication.php(180): CWebApplication->processRequest()
#15 E:\wamp\www\jelajahyii\index.php(13): CApplication->run()
#16 {main}
REQUEST_URI=/jelajahyii/index.php?r=User/create
HTTP_REFERER=http://localhost/jelajahyii/index.php?r=User/create
---
2014/11/13 17:52:36 [warning] [application] Failed to set unsafe attribute "avatar" of "User".
in E:\wamp\www\jelajahyii\protected\controllers\UserController.php (151)
in E:\wamp\www\jelajahyii\index.php (13)
2014/11/13 17:52:36 [error] [exception.CException] exception 'CException' with message 'Property "User.isActive" is not defined.' in E:\wamp\yii\framework\base\CComponent.php:173
Stack trace:
#0 E:\wamp\yii\framework\db\ar\CActiveRecord.php(161): CComponent->__set('isActive', 0)
#1 E:\wamp\www\jelajahyii\protected\controllers\UserController.php(156): CActiveRecord->__set('isActive', 0)
#2 E:\wamp\yii\framework\web\actions\CInlineAction.php(49): UserController->actionCreate()
#3 E:\wamp\yii\framework\web\CController.php(308): CInlineAction->runWithParams(Array)
#4 E:\wamp\yii\framework\web\filters\CFilterChain.php(133): CController->runAction(Object(CInlineAction))
#5 E:\wamp\yii\framework\web\filters\CFilter.php(40): CFilterChain->run()
#6 E:\wamp\yii\framework\web\CController.php(1145): CFilter->filter(Object(CFilterChain))
#7 E:\wamp\yii\framework\web\filters\CInlineFilter.php(58): CController->filterAccessControl(Object(CFilterChain))
#8 E:\wamp\yii\framework\web\filters\CFilterChain.php(130): CInlineFilter->filter(Object(CFilterChain))
#9 E:\wamp\yii\framework\web\CController.php(291): CFilterChain->run()
#10 E:\wamp\yii\framework\web\CController.php(265): CController->runActionWithFilters(Object(CInlineAction), Array)
#11 E:\wamp\yii\framework\web\CWebApplication.php(282): CController->run('create')
#12 E:\wamp\yii\framework\web\CWebApplication.php(141): CWebApplication->runController('User/create')
#13 E:\wamp\yii\framework\base\CApplication.php(180): CWebApplication->processRequest()
#14 E:\wamp\www\jelajahyii\index.php(13): CApplication->run()
#15 {main}
REQUEST_URI=/jelajahyii/index.php?r=User/create
HTTP_REFERER=http://localhost/jelajahyii/index.php?r=User/create
---
2014/11/13 17:55:19 [warning] [application] Failed to set unsafe attribute "avatar" of "User".
in E:\wamp\www\jelajahyii\protected\controllers\UserController.php (151)
in E:\wamp\www\jelajahyii\index.php (13)
2014/11/13 17:55:19 [error] [exception.CException] exception 'CException' with message 'Property "User.isActive" is not defined.' in E:\wamp\yii\framework\base\CComponent.php:173
Stack trace:
#0 E:\wamp\yii\framework\db\ar\CActiveRecord.php(161): CComponent->__set('isActive', 0)
#1 E:\wamp\www\jelajahyii\protected\controllers\UserController.php(156): CActiveRecord->__set('isActive', 0)
#2 E:\wamp\yii\framework\web\actions\CInlineAction.php(49): UserController->actionCreate()
#3 E:\wamp\yii\framework\web\CController.php(308): CInlineAction->runWithParams(Array)
#4 E:\wamp\yii\framework\web\filters\CFilterChain.php(133): CController->runAction(Object(CInlineAction))
#5 E:\wamp\yii\framework\web\filters\CFilter.php(40): CFilterChain->run()
#6 E:\wamp\yii\framework\web\CController.php(1145): CFilter->filter(Object(CFilterChain))
#7 E:\wamp\yii\framework\web\filters\CInlineFilter.php(58): CController->filterAccessControl(Object(CFilterChain))
#8 E:\wamp\yii\framework\web\filters\CFilterChain.php(130): CInlineFilter->filter(Object(CFilterChain))
#9 E:\wamp\yii\framework\web\CController.php(291): CFilterChain->run()
#10 E:\wamp\yii\framework\web\CController.php(265): CController->runActionWithFilters(Object(CInlineAction), Array)
#11 E:\wamp\yii\framework\web\CWebApplication.php(282): CController->run('create')
#12 E:\wamp\yii\framework\web\CWebApplication.php(141): CWebApplication->runController('User/create')
#13 E:\wamp\yii\framework\base\CApplication.php(180): CWebApplication->processRequest()
#14 E:\wamp\www\jelajahyii\index.php(13): CApplication->run()
#15 {main}
REQUEST_URI=/jelajahyii/index.php?r=User/create
HTTP_REFERER=http://localhost/jelajahyii/index.php?r=User/create
---
2014/11/13 17:55:59 [warning] [application] Failed to set unsafe attribute "avatar" of "User".
in E:\wamp\www\jelajahyii\protected\controllers\UserController.php (151)
in E:\wamp\www\jelajahyii\index.php (13)
2014/11/13 17:55:59 [error] [exception.CException] exception 'CException' with message 'Property "User.isActive" is not defined.' in E:\wamp\yii\framework\base\CComponent.php:173
Stack trace:
#0 E:\wamp\yii\framework\db\ar\CActiveRecord.php(161): CComponent->__set('isActive', 1)
#1 E:\wamp\www\jelajahyii\protected\controllers\UserController.php(156): CActiveRecord->__set('isActive', 1)
#2 E:\wamp\yii\framework\web\actions\CInlineAction.php(49): UserController->actionCreate()
#3 E:\wamp\yii\framework\web\CController.php(308): CInlineAction->runWithParams(Array)
#4 E:\wamp\yii\framework\web\filters\CFilterChain.php(133): CController->runAction(Object(CInlineAction))
#5 E:\wamp\yii\framework\web\filters\CFilter.php(40): CFilterChain->run()
#6 E:\wamp\yii\framework\web\CController.php(1145): CFilter->filter(Object(CFilterChain))
#7 E:\wamp\yii\framework\web\filters\CInlineFilter.php(58): CController->filterAccessControl(Object(CFilterChain))
#8 E:\wamp\yii\framework\web\filters\CFilterChain.php(130): CInlineFilter->filter(Object(CFilterChain))
#9 E:\wamp\yii\framework\web\CController.php(291): CFilterChain->run()
#10 E:\wamp\yii\framework\web\CController.php(265): CController->runActionWithFilters(Object(CInlineAction), Array)
#11 E:\wamp\yii\framework\web\CWebApplication.php(282): CController->run('create')
#12 E:\wamp\yii\framework\web\CWebApplication.php(141): CWebApplication->runController('User/create')
#13 E:\wamp\yii\framework\base\CApplication.php(180): CWebApplication->processRequest()
#14 E:\wamp\www\jelajahyii\index.php(13): CApplication->run()
#15 {main}
REQUEST_URI=/jelajahyii/index.php?r=User/create
HTTP_REFERER=http://localhost/jelajahyii/index.php?r=User/create
---
2014/11/13 18:05:29 [warning] [application] Failed to set unsafe attribute "avatar" of "User".
in E:\wamp\www\jelajahyii\protected\controllers\UserController.php (151)
in E:\wamp\www\jelajahyii\index.php (13)
2014/11/13 18:05:29 [error] [exception.CException] exception 'CException' with message 'Property "User.isActive" is not defined.' in E:\wamp\yii\framework\base\CComponent.php:173
Stack trace:
#0 E:\wamp\yii\framework\db\ar\CActiveRecord.php(161): CComponent->__set('isActive', 1)
#1 E:\wamp\www\jelajahyii\protected\controllers\UserController.php(156): CActiveRecord->__set('isActive', 1)
#2 E:\wamp\yii\framework\web\actions\CInlineAction.php(49): UserController->actionCreate()
#3 E:\wamp\yii\framework\web\CController.php(308): CInlineAction->runWithParams(Array)
#4 E:\wamp\yii\framework\web\filters\CFilterChain.php(133): CController->runAction(Object(CInlineAction))
#5 E:\wamp\yii\framework\web\filters\CFilter.php(40): CFilterChain->run()
#6 E:\wamp\yii\framework\web\CController.php(1145): CFilter->filter(Object(CFilterChain))
#7 E:\wamp\yii\framework\web\filters\CInlineFilter.php(58): CController->filterAccessControl(Object(CFilterChain))
#8 E:\wamp\yii\framework\web\filters\CFilterChain.php(130): CInlineFilter->filter(Object(CFilterChain))
#9 E:\wamp\yii\framework\web\CController.php(291): CFilterChain->run()
#10 E:\wamp\yii\framework\web\CController.php(265): CController->runActionWithFilters(Object(CInlineAction), Array)
#11 E:\wamp\yii\framework\web\CWebApplication.php(282): CController->run('create')
#12 E:\wamp\yii\framework\web\CWebApplication.php(141): CWebApplication->runController('User/create')
#13 E:\wamp\yii\framework\base\CApplication.php(180): CWebApplication->processRequest()
#14 E:\wamp\www\jelajahyii\index.php(13): CApplication->run()
#15 {main}
REQUEST_URI=/jelajahyii/index.php?r=User/create
HTTP_REFERER=http://localhost/jelajahyii/index.php?r=User/create
---
2014/11/13 18:05:47 [warning] [application] Failed to set unsafe attribute "avatar" of "User".
in E:\wamp\www\jelajahyii\protected\controllers\UserController.php (151)
in E:\wamp\www\jelajahyii\index.php (13)
2014/11/13 18:05:47 [error] [exception.CException] exception 'CException' with message 'Property "User.isActive" is not defined.' in E:\wamp\yii\framework\base\CComponent.php:173
Stack trace:
#0 E:\wamp\yii\framework\db\ar\CActiveRecord.php(161): CComponent->__set('isActive', 0)
#1 E:\wamp\www\jelajahyii\protected\controllers\UserController.php(156): CActiveRecord->__set('isActive', 0)
#2 E:\wamp\yii\framework\web\actions\CInlineAction.php(49): UserController->actionCreate()
#3 E:\wamp\yii\framework\web\CController.php(308): CInlineAction->runWithParams(Array)
#4 E:\wamp\yii\framework\web\filters\CFilterChain.php(133): CController->runAction(Object(CInlineAction))
#5 E:\wamp\yii\framework\web\filters\CFilter.php(40): CFilterChain->run()
#6 E:\wamp\yii\framework\web\CController.php(1145): CFilter->filter(Object(CFilterChain))
#7 E:\wamp\yii\framework\web\filters\CInlineFilter.php(58): CController->filterAccessControl(Object(CFilterChain))
#8 E:\wamp\yii\framework\web\filters\CFilterChain.php(130): CInlineFilter->filter(Object(CFilterChain))
#9 E:\wamp\yii\framework\web\CController.php(291): CFilterChain->run()
#10 E:\wamp\yii\framework\web\CController.php(265): CController->runActionWithFilters(Object(CInlineAction), Array)
#11 E:\wamp\yii\framework\web\CWebApplication.php(282): CController->run('create')
#12 E:\wamp\yii\framework\web\CWebApplication.php(141): CWebApplication->runController('User/create')
#13 E:\wamp\yii\framework\base\CApplication.php(180): CWebApplication->processRequest()
#14 E:\wamp\www\jelajahyii\index.php(13): CApplication->run()
#15 {main}
REQUEST_URI=/jelajahyii/index.php?r=User/create
HTTP_REFERER=http://localhost/jelajahyii/index.php?r=User/create
---
2014/11/13 18:23:30 [error] [exception.CException] exception 'CException' with message 'Property "User.isActive" is not defined.' in E:\wamp\yii\framework\base\CComponent.php:130
Stack trace:
#0 E:\wamp\yii\framework\db\ar\CActiveRecord.php(145): CComponent->__get('isActive')
#1 E:\wamp\yii\framework\web\helpers\CHtml.php(2529): CActiveRecord->__get('isActive')
#2 E:\wamp\yii\framework\web\helpers\CHtml.php(1802): CHtml::resolveValue(Object(User), 'isActive')
#3 E:\wamp\yii\framework\web\widgets\CActiveForm.php(847): CHtml::activeDropDownList(Object(User), 'isActive', Array, Array)
#4 E:\wamp\www\jelajahyii\protected\views\user\_form.php(46): CActiveForm->dropDownList(Object(User), 'isActive', Array)
#5 E:\wamp\yii\framework\web\CBaseController.php(126): require('E:\\wamp\\www\\jel...')
#6 E:\wamp\yii\framework\web\CBaseController.php(95): CBaseController->renderInternal('E:\\wamp\\www\\jel...', Array, true)
#7 E:\wamp\yii\framework\web\CController.php(869): CBaseController->renderFile('E:\\wamp\\www\\jel...', Array, true)
#8 E:\wamp\www\jelajahyii\protected\views\user\create.php(18): CController->renderPartial('_form', Array)
#9 E:\wamp\yii\framework\web\CBaseController.php(126): require('E:\\wamp\\www\\jel...')
#10 E:\wamp\yii\framework\web\CBaseController.php(95): CBaseController->renderInternal('E:\\wamp\\www\\jel...', Array, true)
#11 E:\wamp\yii\framework\web\CController.php(869): CBaseController->renderFile('E:\\wamp\\www\\jel...', Array, true)
#12 E:\wamp\yii\framework\web\CController.php(782): CController->renderPartial('create', Array, true)
#13 E:\wamp\www\jelajahyii\protected\controllers\UserController.php(173): CController->render('create', Array)
#14 E:\wamp\yii\framework\web\actions\CInlineAction.php(49): UserController->actionCreate()
#15 E:\wamp\yii\framework\web\CController.php(308): CInlineAction->runWithParams(Array)
#16 E:\wamp\yii\framework\web\filters\CFilterChain.php(133): CController->runAction(Object(CInlineAction))
#17 E:\wamp\yii\framework\web\filters\CFilter.php(40): CFilterChain->run()
#18 E:\wamp\yii\framework\web\CController.php(1145): CFilter->filter(Object(CFilterChain))
#19 E:\wamp\yii\framework\web\filters\CInlineFilter.php(58): CController->filterAccessControl(Object(CFilterChain))
#20 E:\wamp\yii\framework\web\filters\CFilterChain.php(130): CInlineFilter->filter(Object(CFilterChain))
#21 E:\wamp\yii\framework\web\CController.php(291): CFilterChain->run()
#22 E:\wamp\yii\framework\web\CController.php(265): CController->runActionWithFilters(Object(CInlineAction), Array)
#23 E:\wamp\yii\framework\web\CWebApplication.php(282): CController->run('create')
#24 E:\wamp\yii\framework\web\CWebApplication.php(141): CWebApplication->runController('User/create')
#25 E:\wamp\yii\framework\base\CApplication.php(180): CWebApplication->processRequest()
#26 E:\wamp\www\jelajahyii\index.php(13): CApplication->run()
#27 {main}
REQUEST_URI=/jelajahyii/index.php?r=User/create
---
2014/11/13 18:24:10 [error] [exception.CException] exception 'CException' with message 'Property "User.isActive" is not defined.' in E:\wamp\yii\framework\base\CComponent.php:130
Stack trace:
#0 E:\wamp\yii\framework\db\ar\CActiveRecord.php(145): CComponent->__get('isActive')
#1 E:\wamp\yii\framework\web\helpers\CHtml.php(2529): CActiveRecord->__get('isActive')
#2 E:\wamp\yii\framework\web\helpers\CHtml.php(1802): CHtml::resolveValue(Object(User), 'isActive')
#3 E:\wamp\yii\framework\web\widgets\CActiveForm.php(847): CHtml::activeDropDownList(Object(User), 'isActive', Array, Array)
#4 E:\wamp\www\jelajahyii\protected\views\user\_form.php(46): CActiveForm->dropDownList(Object(User), 'isActive', Array)
#5 E:\wamp\yii\framework\web\CBaseController.php(126): require('E:\\wamp\\www\\jel...')
#6 E:\wamp\yii\framework\web\CBaseController.php(95): CBaseController->renderInternal('E:\\wamp\\www\\jel...', Array, true)
#7 E:\wamp\yii\framework\web\CController.php(869): CBaseController->renderFile('E:\\wamp\\www\\jel...', Array, true)
#8 E:\wamp\www\jelajahyii\protected\views\user\create.php(18): CController->renderPartial('_form', Array)
#9 E:\wamp\yii\framework\web\CBaseController.php(126): require('E:\\wamp\\www\\jel...')
#10 E:\wamp\yii\framework\web\CBaseController.php(95): CBaseController->renderInternal('E:\\wamp\\www\\jel...', Array, true)
#11 E:\wamp\yii\framework\web\CController.php(869): CBaseController->renderFile('E:\\wamp\\www\\jel...', Array, true)
#12 E:\wamp\yii\framework\web\CController.php(782): CController->renderPartial('create', Array, true)
#13 E:\wamp\www\jelajahyii\protected\controllers\UserController.php(173): CController->render('create', Array)
#14 E:\wamp\yii\framework\web\actions\CInlineAction.php(49): UserController->actionCreate()
#15 E:\wamp\yii\framework\web\CController.php(308): CInlineAction->runWithParams(Array)
#16 E:\wamp\yii\framework\web\filters\CFilterChain.php(133): CController->runAction(Object(CInlineAction))
#17 E:\wamp\yii\framework\web\filters\CFilter.php(40): CFilterChain->run()
#18 E:\wamp\yii\framework\web\CController.php(1145): CFilter->filter(Object(CFilterChain))
#19 E:\wamp\yii\framework\web\filters\CInlineFilter.php(58): CController->filterAccessControl(Object(CFilterChain))
#20 E:\wamp\yii\framework\web\filters\CFilterChain.php(130): CInlineFilter->filter(Object(CFilterChain))
#21 E:\wamp\yii\framework\web\CController.php(291): CFilterChain->run()
#22 E:\wamp\yii\framework\web\CController.php(265): CController->runActionWithFilters(Object(CInlineAction), Array)
#23 E:\wamp\yii\framework\web\CWebApplication.php(282): CController->run('create')
#24 E:\wamp\yii\framework\web\CWebApplication.php(141): CWebApplication->runController('User/create')
#25 E:\wamp\yii\framework\base\CApplication.php(180): CWebApplication->processRequest()
#26 E:\wamp\www\jelajahyii\index.php(13): CApplication->run()
#27 {main}
REQUEST_URI=/jelajahyii/index.php?r=User/create
---
2014/11/13 18:25:23 [warning] [application] Failed to set unsafe attribute "avatar" of "User".
in E:\wamp\www\jelajahyii\protected\controllers\UserController.php (151)
in E:\wamp\www\jelajahyii\index.php (13)
2014/11/13 18:25:23 [error] [system.db.CDbCommand] CDbCommand::execute() failed: SQLSTATE[23000]: Integrity constraint violation: 1452 Cannot add or update a child row: a foreign key constraint fails (`local`.`user`, CONSTRAINT `user_ibfk_1` FOREIGN KEY (`level_id`) REFERENCES `level` (`id`) ON UPDATE CASCADE). The SQL statement executed was: INSERT INTO `user` (`username`, `password`, `email`, `saltPassword`, `level_id`, `avatar`) VALUES (:yp0, :yp1, :yp2, :yp3, :yp4, :yp5).
in E:\wamp\www\jelajahyii\protected\controllers\UserController.php (163)
in E:\wamp\www\jelajahyii\index.php (13)
2014/11/13 18:25:23 [error] [exception.CDbException] exception 'CDbException' with message 'CDbCommand failed to execute the SQL statement: SQLSTATE[23000]: Integrity constraint violation: 1452 Cannot add or update a child row: a foreign key constraint fails (`local`.`user`, CONSTRAINT `user_ibfk_1` FOREIGN KEY (`level_id`) REFERENCES `level` (`id`) ON UPDATE CASCADE). The SQL statement executed was: INSERT INTO `user` (`username`, `password`, `email`, `saltPassword`, `level_id`, `avatar`) VALUES (:yp0, :yp1, :yp2, :yp3, :yp4, :yp5)' in E:\wamp\yii\framework\db\CDbCommand.php:358
Stack trace:
#0 E:\wamp\yii\framework\db\ar\CActiveRecord.php(1077): CDbCommand->execute()
#1 E:\wamp\yii\framework\db\ar\CActiveRecord.php(806): CActiveRecord->insert(NULL)
#2 E:\wamp\www\jelajahyii\protected\controllers\UserController.php(163): CActiveRecord->save()
#3 E:\wamp\yii\framework\web\actions\CInlineAction.php(49): UserController->actionCreate()
#4 E:\wamp\yii\framework\web\CController.php(308): CInlineAction->runWithParams(Array)
#5 E:\wamp\yii\framework\web\filters\CFilterChain.php(133): CController->runAction(Object(CInlineAction))
#6 E:\wamp\yii\framework\web\filters\CFilter.php(40): CFilterChain->run()
#7 E:\wamp\yii\framework\web\CController.php(1145): CFilter->filter(Object(CFilterChain))
#8 E:\wamp\yii\framework\web\filters\CInlineFilter.php(58): CController->filterAccessControl(Object(CFilterChain))
#9 E:\wamp\yii\framework\web\filters\CFilterChain.php(130): CInlineFilter->filter(Object(CFilterChain))
#10 E:\wamp\yii\framework\web\CController.php(291): CFilterChain->run()
#11 E:\wamp\yii\framework\web\CController.php(265): CController->runActionWithFilters(Object(CInlineAction), Array)
#12 E:\wamp\yii\framework\web\CWebApplication.php(282): CController->run('create')
#13 E:\wamp\yii\framework\web\CWebApplication.php(141): CWebApplication->runController('User/create')
#14 E:\wamp\yii\framework\base\CApplication.php(180): CWebApplication->processRequest()
#15 E:\wamp\www\jelajahyii\index.php(13): CApplication->run()
#16 {main}
REQUEST_URI=/jelajahyii/index.php?r=User/create
HTTP_REFERER=http://localhost/jelajahyii/index.php?r=User/create
---
2014/11/17 15:13:26 [warning] [application] Failed to set unsafe attribute "avatar" of "User".
in E:\wamp\www\jelajahyii\protected\controllers\UserController.php (152)
in E:\wamp\www\jelajahyii\index.php (13)
2014/11/17 15:13:26 [error] [exception.CException] exception 'CException' with message 'Property "User.isActive" is not defined.' in E:\wamp\yii\framework\base\CComponent.php:173
Stack trace:
#0 E:\wamp\yii\framework\db\ar\CActiveRecord.php(161): CComponent->__set('isActive', 0)
#1 E:\wamp\www\jelajahyii\protected\controllers\UserController.php(157): CActiveRecord->__set('isActive', 0)
#2 E:\wamp\yii\framework\web\actions\CInlineAction.php(49): UserController->actionCreate()
#3 E:\wamp\yii\framework\web\CController.php(308): CInlineAction->runWithParams(Array)
#4 E:\wamp\yii\framework\web\filters\CFilterChain.php(133): CController->runAction(Object(CInlineAction))
#5 E:\wamp\yii\framework\web\filters\CFilter.php(40): CFilterChain->run()
#6 E:\wamp\yii\framework\web\CController.php(1145): CFilter->filter(Object(CFilterChain))
#7 E:\wamp\yii\framework\web\filters\CInlineFilter.php(58): CController->filterAccessControl(Object(CFilterChain))
#8 E:\wamp\yii\framework\web\filters\CFilterChain.php(130): CInlineFilter->filter(Object(CFilterChain))
#9 E:\wamp\yii\framework\web\CController.php(291): CFilterChain->run()
#10 E:\wamp\yii\framework\web\CController.php(265): CController->runActionWithFilters(Object(CInlineAction), Array)
#11 E:\wamp\yii\framework\web\CWebApplication.php(282): CController->run('create')
#12 E:\wamp\yii\framework\web\CWebApplication.php(141): CWebApplication->runController('User/create')
#13 E:\wamp\yii\framework\base\CApplication.php(180): CWebApplication->processRequest()
#14 E:\wamp\www\jelajahyii\index.php(13): CApplication->run()
#15 {main}
REQUEST_URI=/jelajahyii/index.php?r=User/create
HTTP_REFERER=http://localhost/jelajahyii/index.php?r=User/create
---
